[2m2022-05-23 03:12:39.788[0;39m [32m INFO[0;39m [35m15664[0;39m [2m---[0;39m [2m[  restartedMain][0;39m [36m.e.DevToolsPropertyDefaultsPostProcessor[0;39m [2m:[0;39m Devtools property defaults active! Set 'spring.devtools.add-properties' to 'false' to disable
[2m2022-05-23 03:12:39.790[0;39m [32m INFO[0;39m [35m15664[0;39m [2m---[0;39m [2m[  restartedMain][0;39m [36m.e.DevToolsPropertyDefaultsPostProcessor[0;39m [2m:[0;39m For additional web related logging consider setting the 'logging.level.web' property to 'DEBUG'
[2m2022-05-23 03:12:40.457[0;39m [32m INFO[0;39m [35m15664[0;39m [2m---[0;39m [2m[  restartedMain][0;39m [36mo.s.b.w.embedded.tomcat.TomcatWebServer [0;39m [2m:[0;39m Tomcat initialized with port(s): 9999 (http)
[2m2022-05-23 03:12:40.505[0;39m [32m INFO[0;39m [35m15664[0;39m [2m---[0;39m [2m[  restartedMain][0;39m [36mw.s.c.ServletWebServerApplicationContext[0;39m [2m:[0;39m Root WebApplicationContext: initialization completed in 715 ms
[2m2022-05-23 03:12:40.938[0;39m [32m INFO[0;39m [35m15664[0;39m [2m---[0;39m [2m[  restartedMain][0;39m [36mo.s.b.d.a.OptionalLiveReloadServer      [0;39m [2m:[0;39m LiveReload server is running on port 35729
[2m2022-05-23 03:12:41.015[0;39m [32m INFO[0;39m [35m15664[0;39m [2m---[0;39m [2m[  restartedMain][0;39m [36mo.s.b.w.embedded.tomcat.TomcatWebServer [0;39m [2m:[0;39m Tomcat started on port(s): 9999 (http) with context path '/happyhouse'
[2m2022-05-23 03:13:05.175[0;39m [32m INFO[0;39m [35m15664[0;39m [2m---[0;39m [2m[nio-9999-exec-1][0;39m [36mo.s.web.servlet.DispatcherServlet       [0;39m [2m:[0;39m Initializing Servlet 'dispatcherServlet'
[2m2022-05-23 03:13:05.176[0;39m [32m INFO[0;39m [35m15664[0;39m [2m---[0;39m [2m[nio-9999-exec-1][0;39m [36mo.s.web.servlet.DispatcherServlet       [0;39m [2m:[0;39m Completed initialization in 1 ms
[2m2022-05-23 03:13:21.130[0;39m [32mDEBUG[0;39m [35m15664[0;39m [2m---[0;39m [2m[nio-9999-exec-1][0;39m [36mc.s.h.controller.NoticeBoardController  [0;39m [2m:[0;39m retrieveNoticeBoard - 호출
[2m2022-05-23 03:13:22.901[0;39m [32mDEBUG[0;39m [35m15664[0;39m [2m---[0;39m [2m[nio-9999-exec-2][0;39m [36mc.s.h.controller.NoticeBoardController  [0;39m [2m:[0;39m retrieveNoticeBoard - 호출
[2m2022-05-23 09:42:08.802[0;39m [32m INFO[0;39m [35m15664[0;39m [2m---[0;39m [2m[  restartedMain][0;39m [36mo.s.b.w.embedded.tomcat.TomcatWebServer [0;39m [2m:[0;39m Tomcat initialized with port(s): 9999 (http)
[2m2022-05-23 09:42:08.810[0;39m [32m INFO[0;39m [35m15664[0;39m [2m---[0;39m [2m[  restartedMain][0;39m [36mw.s.c.ServletWebServerApplicationContext[0;39m [2m:[0;39m Root WebApplicationContext: initialization completed in 244 ms
[2m2022-05-23 09:42:08.938[0;39m [32m INFO[0;39m [35m15664[0;39m [2m---[0;39m [2m[  restartedMain][0;39m [36mo.s.b.d.a.OptionalLiveReloadServer      [0;39m [2m:[0;39m LiveReload server is running on port 35729
[2m2022-05-23 09:42:08.971[0;39m [32m INFO[0;39m [35m15664[0;39m [2m---[0;39m [2m[  restartedMain][0;39m [36mo.s.b.w.embedded.tomcat.TomcatWebServer [0;39m [2m:[0;39m Tomcat started on port(s): 9999 (http) with context path '/happyhouse'
[2m2022-05-23 09:42:09.043[0;39m [32m INFO[0;39m [35m15664[0;39m [2m---[0;39m [2m[  restartedMain][0;39m [36m.ConditionEvaluationDeltaLoggingListener[0;39m [2m:[0;39m Condition evaluation unchanged
[2m2022-05-23 11:20:54.719[0;39m [32m INFO[0;39m [35m15664[0;39m [2m---[0;39m [2m[nio-9999-exec-2][0;39m [36mo.s.web.servlet.DispatcherServlet       [0;39m [2m:[0;39m Initializing Servlet 'dispatcherServlet'
[2m2022-05-23 11:20:54.720[0;39m [32m INFO[0;39m [35m15664[0;39m [2m---[0;39m [2m[nio-9999-exec-2][0;39m [36mo.s.web.servlet.DispatcherServlet       [0;39m [2m:[0;39m Completed initialization in 0 ms
[2m2022-05-23 11:20:54.729[0;39m [32mDEBUG[0;39m [35m15664[0;39m [2m---[0;39m [2m[nio-9999-exec-3][0;39m [36mc.s.h.controller.MemberController       [0;39m [2m:[0;39m registMember 호출
[2m2022-05-23 13:19:30.983[0;39m [32mDEBUG[0;39m [35m15664[0;39m [2m---[0;39m [2m[nio-9999-exec-7][0;39m [36mc.s.h.controller.MemberController       [0;39m [2m:[0;39m registMember 호출
[2m2022-05-23 13:23:34.350[0;39m [32mDEBUG[0;39m [35m15664[0;39m [2m---[0;39m [2m[nio-9999-exec-9][0;39m [36mc.s.h.controller.MemberController       [0;39m [2m:[0;39m registMember 호출
[2m2022-05-23 13:23:48.819[0;39m [32mDEBUG[0;39m [35m15664[0;39m [2m---[0;39m [2m[io-9999-exec-10][0;39m [36mc.s.h.controller.MemberController       [0;39m [2m:[0;39m registMember 호출
[2m2022-05-23 13:24:33.908[0;39m [32mDEBUG[0;39m [35m15664[0;39m [2m---[0;39m [2m[nio-9999-exec-1][0;39m [36mc.s.h.controller.MemberController       [0;39m [2m:[0;39m registMember 호출
[2m2022-05-23 13:35:52.982[0;39m [33m WARN[0;39m [35m15664[0;39m [2m---[0;39m [2m[nio-9999-exec-3][0;39m [36m.w.s.m.s.DefaultHandlerExceptionResolver[0;39m [2m:[0;39m Resolved [org.springframework.web.HttpRequestMethodNotSupportedException: Request method 'POST' not supported]
[2m2022-05-23 13:35:53.898[0;39m [33m WARN[0;39m [35m15664[0;39m [2m---[0;39m [2m[nio-9999-exec-4][0;39m [36m.w.s.m.s.DefaultHandlerExceptionResolver[0;39m [2m:[0;39m Resolved [org.springframework.web.HttpRequestMethodNotSupportedException: Request method 'POST' not supported]
[2m2022-05-23 13:35:54.121[0;39m [33m WARN[0;39m [35m15664[0;39m [2m---[0;39m [2m[nio-9999-exec-5][0;39m [36m.w.s.m.s.DefaultHandlerExceptionResolver[0;39m [2m:[0;39m Resolved [org.springframework.web.HttpRequestMethodNotSupportedException: Request method 'POST' not supported]
[2m2022-05-23 13:35:54.265[0;39m [33m WARN[0;39m [35m15664[0;39m [2m---[0;39m [2m[nio-9999-exec-6][0;39m [36m.w.s.m.s.DefaultHandlerExceptionResolver[0;39m [2m:[0;39m Resolved [org.springframework.web.HttpRequestMethodNotSupportedException: Request method 'POST' not supported]
[2m2022-05-23 13:38:04.914[0;39m [33m WARN[0;39m [35m15664[0;39m [2m---[0;39m [2m[nio-9999-exec-8][0;39m [36m.w.s.m.s.DefaultHandlerExceptionResolver[0;39m [2m:[0;39m Resolved [org.springframework.web.HttpRequestMethodNotSupportedException: Request method 'POST' not supported]
[2m2022-05-23 13:40:27.026[0;39m [33m WARN[0;39m [35m15664[0;39m [2m---[0;39m [2m[io-9999-exec-10][0;39m [36m.w.s.m.s.DefaultHandlerExceptionResolver[0;39m [2m:[0;39m Resolved [org.springframework.web.HttpRequestMethodNotSupportedException: Request method 'POST' not supported]
[2m2022-05-23 13:40:27.769[0;39m [33m WARN[0;39m [35m15664[0;39m [2m---[0;39m [2m[nio-9999-exec-1][0;39m [36m.w.s.m.s.DefaultHandlerExceptionResolver[0;39m [2m:[0;39m Resolved [org.springframework.web.HttpRequestMethodNotSupportedException: Request method 'POST' not supported]
[2m2022-05-23 13:40:27.888[0;39m [33m WARN[0;39m [35m15664[0;39m [2m---[0;39m [2m[nio-9999-exec-2][0;39m [36m.w.s.m.s.DefaultHandlerExceptionResolver[0;39m [2m:[0;39m Resolved [org.springframework.web.HttpRequestMethodNotSupportedException: Request method 'POST' not supported]
[2m2022-05-23 13:40:28.024[0;39m [33m WARN[0;39m [35m15664[0;39m [2m---[0;39m [2m[nio-9999-exec-3][0;39m [36m.w.s.m.s.DefaultHandlerExceptionResolver[0;39m [2m:[0;39m Resolved [org.springframework.web.HttpRequestMethodNotSupportedException: Request method 'POST' not supported]
[2m2022-05-23 13:42:37.466[0;39m [32mDEBUG[0;39m [35m15664[0;39m [2m---[0;39m [2m[nio-9999-exec-5][0;39m [36mc.s.h.controller.MemberController       [0;39m [2m:[0;39m checkId 호출
[2m2022-05-23 13:42:48.586[0;39m [32mDEBUG[0;39m [35m15664[0;39m [2m---[0;39m [2m[nio-9999-exec-6][0;39m [36mc.s.h.controller.MemberController       [0;39m [2m:[0;39m registMember 호출
[2m2022-05-23 13:42:54.898[0;39m [32mDEBUG[0;39m [35m15664[0;39m [2m---[0;39m [2m[nio-9999-exec-7][0;39m [36mc.s.h.controller.MemberController       [0;39m [2m:[0;39m checkId 호출
[2m2022-05-23 15:05:21.959[0;39m [32m INFO[0;39m [35m17156[0;39m [2m---[0;39m [2m[  restartedMain][0;39m [36m.e.DevToolsPropertyDefaultsPostProcessor[0;39m [2m:[0;39m Devtools property defaults active! Set 'spring.devtools.add-properties' to 'false' to disable
[2m2022-05-23 15:05:21.960[0;39m [32m INFO[0;39m [35m17156[0;39m [2m---[0;39m [2m[  restartedMain][0;39m [36m.e.DevToolsPropertyDefaultsPostProcessor[0;39m [2m:[0;39m For additional web related logging consider setting the 'logging.level.web' property to 'DEBUG'
[2m2022-05-23 15:05:22.688[0;39m [32m INFO[0;39m [35m17156[0;39m [2m---[0;39m [2m[  restartedMain][0;39m [36mo.s.b.w.embedded.tomcat.TomcatWebServer [0;39m [2m:[0;39m Tomcat initialized with port(s): 9999 (http)
[2m2022-05-23 15:05:22.738[0;39m [32m INFO[0;39m [35m17156[0;39m [2m---[0;39m [2m[  restartedMain][0;39m [36mw.s.c.ServletWebServerApplicationContext[0;39m [2m:[0;39m Root WebApplicationContext: initialization completed in 778 ms
[2m2022-05-23 15:05:23.205[0;39m [32m INFO[0;39m [35m17156[0;39m [2m---[0;39m [2m[  restartedMain][0;39m [36mo.s.b.d.a.OptionalLiveReloadServer      [0;39m [2m:[0;39m LiveReload server is running on port 35729
[2m2022-05-23 15:05:23.296[0;39m [32m INFO[0;39m [35m17156[0;39m [2m---[0;39m [2m[  restartedMain][0;39m [36mo.s.b.w.embedded.tomcat.TomcatWebServer [0;39m [2m:[0;39m Tomcat started on port(s): 9999 (http) with context path '/happyhouse'
[2m2022-05-23 15:15:24.144[0;39m [32m INFO[0;39m [35m17156[0;39m [2m---[0;39m [2m[nio-9999-exec-1][0;39m [36mo.s.web.servlet.DispatcherServlet       [0;39m [2m:[0;39m Initializing Servlet 'dispatcherServlet'
[2m2022-05-23 15:15:24.145[0;39m [32m INFO[0;39m [35m17156[0;39m [2m---[0;39m [2m[nio-9999-exec-1][0;39m [36mo.s.web.servlet.DispatcherServlet       [0;39m [2m:[0;39m Completed initialization in 1 ms
[2m2022-05-23 15:15:24.167[0;39m [32mDEBUG[0;39m [35m17156[0;39m [2m---[0;39m [2m[nio-9999-exec-1][0;39m [36mc.s.h.controller.MemberController       [0;39m [2m:[0;39m checkId 호출
[2m2022-05-23 15:46:00.774[0;39m [32mDEBUG[0;39m [35m17156[0;39m [2m---[0;39m [2m[nio-9999-exec-2][0;39m [36mc.s.h.controller.MemberController       [0;39m [2m:[0;39m 로그인 호출 - MemberDto [userId=null, userPwd=null, userName=null, email=null, authority=null, joinDate=null]
[2m2022-05-23 15:46:04.743[0;39m [32mDEBUG[0;39m [35m17156[0;39m [2m---[0;39m [2m[nio-9999-exec-4][0;39m [36mc.s.h.controller.MemberController       [0;39m [2m:[0;39m 로그인 호출 - MemberDto [userId=null, userPwd=null, userName=null, email=null, authority=null, joinDate=null]
[2m2022-05-23 15:46:06.951[0;39m [32mDEBUG[0;39m [35m17156[0;39m [2m---[0;39m [2m[nio-9999-exec-5][0;39m [36mc.s.h.controller.MemberController       [0;39m [2m:[0;39m 로그인 호출 - MemberDto [userId=null, userPwd=null, userName=null, email=null, authority=null, joinDate=null]
[2m2022-05-23 15:46:07.085[0;39m [32mDEBUG[0;39m [35m17156[0;39m [2m---[0;39m [2m[nio-9999-exec-7][0;39m [36mc.s.h.controller.MemberController       [0;39m [2m:[0;39m 로그인 호출 - MemberDto [userId=null, userPwd=null, userName=null, email=null, authority=null, joinDate=null]
[2m2022-05-23 15:46:07.294[0;39m [32mDEBUG[0;39m [35m17156[0;39m [2m---[0;39m [2m[nio-9999-exec-6][0;39m [36mc.s.h.controller.MemberController       [0;39m [2m:[0;39m 로그인 호출 - MemberDto [userId=null, userPwd=null, userName=null, email=null, authority=null, joinDate=null]
[2m2022-05-23 15:46:35.014[0;39m [32mDEBUG[0;39m [35m17156[0;39m [2m---[0;39m [2m[nio-9999-exec-8][0;39m [36mc.s.h.controller.MemberController       [0;39m [2m:[0;39m 로그인 호출 - MemberDto [userId=null, userPwd=null, userName=null, email=null, authority=null, joinDate=null]
[2m2022-05-23 15:46:35.342[0;39m [32mDEBUG[0;39m [35m17156[0;39m [2m---[0;39m [2m[nio-9999-exec-9][0;39m [36mc.s.h.controller.MemberController       [0;39m [2m:[0;39m 로그인 호출 - MemberDto [userId=null, userPwd=null, userName=null, email=null, authority=null, joinDate=null]
[2m2022-05-23 15:46:35.494[0;39m [32mDEBUG[0;39m [35m17156[0;39m [2m---[0;39m [2m[io-9999-exec-10][0;39m [36mc.s.h.controller.MemberController       [0;39m [2m:[0;39m 로그인 호출 - MemberDto [userId=null, userPwd=null, userName=null, email=null, authority=null, joinDate=null]
[2m2022-05-23 15:47:52.091[0;39m [33m WARN[0;39m [35m17156[0;39m [2m---[0;39m [2m[nio-9999-exec-3][0;39m [36m.w.s.m.s.DefaultHandlerExceptionResolver[0;39m [2m:[0;39m Resolved [org.springframework.http.converter.HttpMessageNotReadableException: Required request body is missing: public org.springframework.http.ResponseEntity<java.util.Map<java.lang.String, java.lang.Object>> com.ssafy.happyhouse.controller.MemberController.login(com.ssafy.happyhouse.dto.MemberDto)]
[2m2022-05-23 15:47:52.623[0;39m [33m WARN[0;39m [35m17156[0;39m [2m---[0;39m [2m[nio-9999-exec-2][0;39m [36m.w.s.m.s.DefaultHandlerExceptionResolver[0;39m [2m:[0;39m Resolved [org.springframework.http.converter.HttpMessageNotReadableException: Required request body is missing: public org.springframework.http.ResponseEntity<java.util.Map<java.lang.String, java.lang.Object>> com.ssafy.happyhouse.controller.MemberController.login(com.ssafy.happyhouse.dto.MemberDto)]
[2m2022-05-23 15:47:52.766[0;39m [33m WARN[0;39m [35m17156[0;39m [2m---[0;39m [2m[nio-9999-exec-4][0;39m [36m.w.s.m.s.DefaultHandlerExceptionResolver[0;39m [2m:[0;39m Resolved [org.springframework.http.converter.HttpMessageNotReadableException: Required request body is missing: public org.springframework.http.ResponseEntity<java.util.Map<java.lang.String, java.lang.Object>> com.ssafy.happyhouse.controller.MemberController.login(com.ssafy.happyhouse.dto.MemberDto)]
[2m2022-05-23 15:51:27.366[0;39m [33m WARN[0;39m [35m17156[0;39m [2m---[0;39m [2m[nio-9999-exec-5][0;39m [36m.w.s.m.s.DefaultHandlerExceptionResolver[0;39m [2m:[0;39m Resolved [org.springframework.http.converter.HttpMessageNotReadableException: Required request body is missing: public org.springframework.http.ResponseEntity<java.util.Map<java.lang.String, java.lang.Object>> com.ssafy.happyhouse.controller.MemberController.login(com.ssafy.happyhouse.dto.MemberDto)]
[2m2022-05-23 15:51:28.270[0;39m [33m WARN[0;39m [35m17156[0;39m [2m---[0;39m [2m[nio-9999-exec-7][0;39m [36m.w.s.m.s.DefaultHandlerExceptionResolver[0;39m [2m:[0;39m Resolved [org.springframework.http.converter.HttpMessageNotReadableException: Required request body is missing: public org.springframework.http.ResponseEntity<java.util.Map<java.lang.String, java.lang.Object>> com.ssafy.happyhouse.controller.MemberController.login(com.ssafy.happyhouse.dto.MemberDto)]
[2m2022-05-23 15:51:28.398[0;39m [33m WARN[0;39m [35m17156[0;39m [2m---[0;39m [2m[io-9999-exec-10][0;39m [36m.w.s.m.s.DefaultHandlerExceptionResolver[0;39m [2m:[0;39m Resolved [org.springframework.http.converter.HttpMessageNotReadableException: Required request body is missing: public org.springframework.http.ResponseEntity<java.util.Map<java.lang.String, java.lang.Object>> com.ssafy.happyhouse.controller.MemberController.login(com.ssafy.happyhouse.dto.MemberDto)]
[2m2022-05-23 15:52:58.135[0;39m [32mDEBUG[0;39m [35m17156[0;39m [2m---[0;39m [2m[nio-9999-exec-2][0;39m [36mc.s.h.controller.MemberController       [0;39m [2m:[0;39m 로그인 호출 - MemberDto [userId=null, userPwd=null, userName=null, email=null, authority=null, joinDate=null]
[2m2022-05-23 15:53:01.085[0;39m [32mDEBUG[0;39m [35m17156[0;39m [2m---[0;39m [2m[nio-9999-exec-4][0;39m [36mc.s.h.controller.MemberController       [0;39m [2m:[0;39m 로그인 호출 - MemberDto [userId=null, userPwd=null, userName=null, email=null, authority=null, joinDate=null]
[2m2022-05-23 15:53:01.261[0;39m [32mDEBUG[0;39m [35m17156[0;39m [2m---[0;39m [2m[nio-9999-exec-5][0;39m [36mc.s.h.controller.MemberController       [0;39m [2m:[0;39m 로그인 호출 - MemberDto [userId=null, userPwd=null, userName=null, email=null, authority=null, joinDate=null]
[2m2022-05-23 15:53:01.405[0;39m [32mDEBUG[0;39m [35m17156[0;39m [2m---[0;39m [2m[nio-9999-exec-7][0;39m [36mc.s.h.controller.MemberController       [0;39m [2m:[0;39m 로그인 호출 - MemberDto [userId=null, userPwd=null, userName=null, email=null, authority=null, joinDate=null]
[2m2022-05-23 15:53:01.549[0;39m [32mDEBUG[0;39m [35m17156[0;39m [2m---[0;39m [2m[io-9999-exec-10][0;39m [36mc.s.h.controller.MemberController       [0;39m [2m:[0;39m 로그인 호출 - MemberDto [userId=null, userPwd=null, userName=null, email=null, authority=null, joinDate=null]
[2m2022-05-23 15:53:01.701[0;39m [32mDEBUG[0;39m [35m17156[0;39m [2m---[0;39m [2m[nio-9999-exec-3][0;39m [36mc.s.h.controller.MemberController       [0;39m [2m:[0;39m 로그인 호출 - MemberDto [userId=null, userPwd=null, userName=null, email=null, authority=null, joinDate=null]
[2m2022-05-23 15:53:01.837[0;39m [32mDEBUG[0;39m [35m17156[0;39m [2m---[0;39m [2m[nio-9999-exec-9][0;39m [36mc.s.h.controller.MemberController       [0;39m [2m:[0;39m 로그인 호출 - MemberDto [userId=null, userPwd=null, userName=null, email=null, authority=null, joinDate=null]
[2m2022-05-23 15:53:43.719[0;39m [32mDEBUG[0;39m [35m17156[0;39m [2m---[0;39m [2m[nio-9999-exec-1][0;39m [36mc.s.h.controller.MemberController       [0;39m [2m:[0;39m 로그인 호출 - MemberDto [userId=null, userPwd=null, userName=null, email=null, authority=null, joinDate=null]
[2m2022-05-23 15:53:49.937[0;39m [32m INFO[0;39m [35m17156[0;39m [2m---[0;39m [2m[on(2)-127.0.0.1][0;39m [36minMXBeanRegistrar$SpringApplicationAdmin[0;39m [2m:[0;39m Application shutdown requested.
